[debug] [2018-08-23T13:40:38.486Z] ----------------------------------------------------------------------
[debug] [2018-08-23T13:40:38.490Z] Command:       C:\Program Files\nodejs\node.exe C:\Users\ee209448\AppData\Roaming\npm\node_modules\firebase-tools\bin\firebase serve
[debug] [2018-08-23T13:40:38.490Z] CLI Version:   4.2.0
[debug] [2018-08-23T13:40:38.490Z] Platform:      win32
[debug] [2018-08-23T13:40:38.490Z] Node Version:  v8.11.2
[debug] [2018-08-23T13:40:38.491Z] Time:          Thu Aug 23 2018 19:10:38 GMT+0530 (India Standard Time)
[debug] [2018-08-23T13:40:38.491Z] ----------------------------------------------------------------------
[debug] 
[debug] [2018-08-23T13:40:38.505Z] > command requires scopes: ["email","openid","https://www.googleapis.com/auth/cloudplatformprojects.readonly","https://www.googleapis.com/auth/firebase","https://www.googleapis.com/auth/cloud-platform"]
[debug] [2018-08-23T13:40:38.506Z] > authorizing via signed-in user
[debug] [2018-08-23T13:40:38.510Z] >>> HTTP REQUEST GET https://admin.firebase.com/v1/projects/firebasics-e92aa  
 
[debug] [2018-08-23T13:40:39.584Z] <<< HTTP RESPONSE 200
[debug] [2018-08-23T13:40:39.586Z] >>> HTTP REQUEST GET https://cloudresourcemanager.googleapis.com/v1/projects/firebasics-e92aa  
 
[debug] [2018-08-23T13:40:41.043Z] <<< HTTP RESPONSE 200
[info] 
[info] === Serving from 'D:\tutorials\FireBaseTraining'...
[info] 
[debug] [2018-08-23T13:40:41.047Z] >>> HTTP REQUEST GET https://mobilesdk-pa.googleapis.com/v1/projects/506504484558/clients/_:getWebAppConfig  
 
[debug] [2018-08-23T13:40:41.759Z] <<< HTTP RESPONSE 200
[info] i  hosting[firebasics-e92aa]: Serving hosting files from: public
[info] +  hosting[firebasics-e92aa]: Local server: http://localhost:5000
